<?xml version="1.0" encoding="UTF-8"?>
<testsuite xmlns:xsi="http://www.w3.org/2001/XMLSchema-instance" xsi:noNamespaceSchemaLocation="https://maven.apache.org/surefire/maven-surefire-plugin/xsd/surefire-test-report.xsd" name="com.unipi.large.scale.backend.ApplicationTests" time="28.142" tests="1" errors="0" skipped="0" failures="0">
  <properties>
    <property name="java.specification.version" value="16"/>
    <property name="sun.jnu.encoding" value="UTF-8"/>
    <property name="java.class.path" value="/Users/jacopo/IdeaProjects/large-scale-project/large-scale-backend/target/test-classes:/Users/jacopo/IdeaProjects/large-scale-project/large-scale-backend/target/classes:/Users/jacopo/.m2/repository/org/springframework/boot/spring-boot-starter-data-mongodb/2.6.2/spring-boot-starter-data-mongodb-2.6.2.jar:/Users/jacopo/.m2/repository/org/springframework/boot/spring-boot-starter/2.6.2/spring-boot-starter-2.6.2.jar:/Users/jacopo/.m2/repository/org/springframework/boot/spring-boot/2.6.2/spring-boot-2.6.2.jar:/Users/jacopo/.m2/repository/org/springframework/boot/spring-boot-autoconfigure/2.6.2/spring-boot-autoconfigure-2.6.2.jar:/Users/jacopo/.m2/repository/org/springframework/boot/spring-boot-starter-logging/2.6.2/spring-boot-starter-logging-2.6.2.jar:/Users/jacopo/.m2/repository/ch/qos/logback/logback-classic/1.2.9/logback-classic-1.2.9.jar:/Users/jacopo/.m2/repository/ch/qos/logback/logback-core/1.2.9/logback-core-1.2.9.jar:/Users/jacopo/.m2/repository/org/apache/logging/log4j/log4j-to-slf4j/2.17.0/log4j-to-slf4j-2.17.0.jar:/Users/jacopo/.m2/repository/org/apache/logging/log4j/log4j-api/2.17.0/log4j-api-2.17.0.jar:/Users/jacopo/.m2/repository/org/slf4j/jul-to-slf4j/1.7.32/jul-to-slf4j-1.7.32.jar:/Users/jacopo/.m2/repository/jakarta/annotation/jakarta.annotation-api/1.3.5/jakarta.annotation-api-1.3.5.jar:/Users/jacopo/.m2/repository/org/yaml/snakeyaml/1.29/snakeyaml-1.29.jar:/Users/jacopo/.m2/repository/org/mongodb/mongodb-driver-sync/4.4.0/mongodb-driver-sync-4.4.0.jar:/Users/jacopo/.m2/repository/org/mongodb/bson/4.4.0/bson-4.4.0.jar:/Users/jacopo/.m2/repository/org/mongodb/mongodb-driver-core/4.4.0/mongodb-driver-core-4.4.0.jar:/Users/jacopo/.m2/repository/org/springframework/data/spring-data-mongodb/3.3.0/spring-data-mongodb-3.3.0.jar:/Users/jacopo/.m2/repository/org/springframework/spring-tx/5.3.14/spring-tx-5.3.14.jar:/Users/jacopo/.m2/repository/org/springframework/data/spring-data-commons/2.6.0/spring-data-commons-2.6.0.jar:/Users/jacopo/.m2/repository/org/slf4j/slf4j-api/1.7.32/slf4j-api-1.7.32.jar:/Users/jacopo/.m2/repository/org/springframework/boot/spring-boot-starter-data-neo4j/2.6.2/spring-boot-starter-data-neo4j-2.6.2.jar:/Users/jacopo/.m2/repository/org/springframework/data/spring-data-neo4j/6.2.0/spring-data-neo4j-6.2.0.jar:/Users/jacopo/.m2/repository/org/apiguardian/apiguardian-api/1.1.1/apiguardian-api-1.1.1.jar:/Users/jacopo/.m2/repository/org/neo4j/neo4j-cypher-dsl/2021.4.1/neo4j-cypher-dsl-2021.4.1.jar:/Users/jacopo/.m2/repository/org/springframework/boot/spring-boot-starter-web/2.6.2/spring-boot-starter-web-2.6.2.jar:/Users/jacopo/.m2/repository/org/springframework/boot/spring-boot-starter-json/2.6.2/spring-boot-starter-json-2.6.2.jar:/Users/jacopo/.m2/repository/com/fasterxml/jackson/core/jackson-databind/2.13.1/jackson-databind-2.13.1.jar:/Users/jacopo/.m2/repository/com/fasterxml/jackson/core/jackson-annotations/2.13.1/jackson-annotations-2.13.1.jar:/Users/jacopo/.m2/repository/com/fasterxml/jackson/core/jackson-core/2.13.1/jackson-core-2.13.1.jar:/Users/jacopo/.m2/repository/com/fasterxml/jackson/datatype/jackson-datatype-jdk8/2.13.1/jackson-datatype-jdk8-2.13.1.jar:/Users/jacopo/.m2/repository/com/fasterxml/jackson/datatype/jackson-datatype-jsr310/2.13.1/jackson-datatype-jsr310-2.13.1.jar:/Users/jacopo/.m2/repository/com/fasterxml/jackson/module/jackson-module-parameter-names/2.13.1/jackson-module-parameter-names-2.13.1.jar:/Users/jacopo/.m2/repository/org/springframework/boot/spring-boot-starter-tomcat/2.6.2/spring-boot-starter-tomcat-2.6.2.jar:/Users/jacopo/.m2/repository/org/apache/tomcat/embed/tomcat-embed-core/9.0.56/tomcat-embed-core-9.0.56.jar:/Users/jacopo/.m2/repository/org/apache/tomcat/embed/tomcat-embed-websocket/9.0.56/tomcat-embed-websocket-9.0.56.jar:/Users/jacopo/.m2/repository/org/springframework/spring-web/5.3.14/spring-web-5.3.14.jar:/Users/jacopo/.m2/repository/org/springframework/spring-webmvc/5.3.14/spring-webmvc-5.3.14.jar:/Users/jacopo/.m2/repository/org/springframework/boot/spring-boot-starter-test/2.6.2/spring-boot-starter-test-2.6.2.jar:/Users/jacopo/.m2/repository/org/springframework/boot/spring-boot-test/2.6.2/spring-boot-test-2.6.2.jar:/Users/jacopo/.m2/repository/org/springframework/boot/spring-boot-test-autoconfigure/2.6.2/spring-boot-test-autoconfigure-2.6.2.jar:/Users/jacopo/.m2/repository/com/jayway/jsonpath/json-path/2.6.0/json-path-2.6.0.jar:/Users/jacopo/.m2/repository/net/minidev/json-smart/2.4.7/json-smart-2.4.7.jar:/Users/jacopo/.m2/repository/net/minidev/accessors-smart/2.4.7/accessors-smart-2.4.7.jar:/Users/jacopo/.m2/repository/org/ow2/asm/asm/9.1/asm-9.1.jar:/Users/jacopo/.m2/repository/jakarta/xml/bind/jakarta.xml.bind-api/2.3.3/jakarta.xml.bind-api-2.3.3.jar:/Users/jacopo/.m2/repository/org/assertj/assertj-core/3.21.0/assertj-core-3.21.0.jar:/Users/jacopo/.m2/repository/org/hamcrest/hamcrest/2.2/hamcrest-2.2.jar:/Users/jacopo/.m2/repository/org/junit/jupiter/junit-jupiter/5.8.2/junit-jupiter-5.8.2.jar:/Users/jacopo/.m2/repository/org/junit/jupiter/junit-jupiter-api/5.8.2/junit-jupiter-api-5.8.2.jar:/Users/jacopo/.m2/repository/org/opentest4j/opentest4j/1.2.0/opentest4j-1.2.0.jar:/Users/jacopo/.m2/repository/org/junit/platform/junit-platform-commons/1.8.2/junit-platform-commons-1.8.2.jar:/Users/jacopo/.m2/repository/org/junit/jupiter/junit-jupiter-params/5.8.2/junit-jupiter-params-5.8.2.jar:/Users/jacopo/.m2/repository/org/junit/jupiter/junit-jupiter-engine/5.8.2/junit-jupiter-engine-5.8.2.jar:/Users/jacopo/.m2/repository/org/junit/platform/junit-platform-engine/1.8.2/junit-platform-engine-1.8.2.jar:/Users/jacopo/.m2/repository/org/mockito/mockito-core/4.0.0/mockito-core-4.0.0.jar:/Users/jacopo/.m2/repository/net/bytebuddy/byte-buddy/1.11.22/byte-buddy-1.11.22.jar:/Users/jacopo/.m2/repository/net/bytebuddy/byte-buddy-agent/1.11.22/byte-buddy-agent-1.11.22.jar:/Users/jacopo/.m2/repository/org/objenesis/objenesis/3.2/objenesis-3.2.jar:/Users/jacopo/.m2/repository/org/mockito/mockito-junit-jupiter/4.0.0/mockito-junit-jupiter-4.0.0.jar:/Users/jacopo/.m2/repository/org/skyscreamer/jsonassert/1.5.0/jsonassert-1.5.0.jar:/Users/jacopo/.m2/repository/com/vaadin/external/google/android-json/0.0.20131108.vaadin1/android-json-0.0.20131108.vaadin1.jar:/Users/jacopo/.m2/repository/org/springframework/spring-core/5.3.14/spring-core-5.3.14.jar:/Users/jacopo/.m2/repository/org/springframework/spring-jcl/5.3.14/spring-jcl-5.3.14.jar:/Users/jacopo/.m2/repository/org/springframework/spring-test/5.3.14/spring-test-5.3.14.jar:/Users/jacopo/.m2/repository/org/xmlunit/xmlunit-core/2.8.4/xmlunit-core-2.8.4.jar:/Users/jacopo/.m2/repository/nz/ac/waikato/cms/weka/weka-dev/3.9.5/weka-dev-3.9.5.jar:/Users/jacopo/.m2/repository/com/github/vbmacher/java-cup/11b-20160615/java-cup-11b-20160615.jar:/Users/jacopo/.m2/repository/com/github/vbmacher/java-cup-runtime/11b-20160615/java-cup-runtime-11b-20160615.jar:/Users/jacopo/.m2/repository/nz/ac/waikato/cms/weka/thirdparty/bounce/0.18/bounce-0.18.jar:/Users/jacopo/.m2/repository/com/googlecode/matrix-toolkits-java/mtj/1.0.4/mtj-1.0.4.jar:/Users/jacopo/.m2/repository/com/github/fommil/netlib/netlib-native_ref-osx-x86_64/1.1/netlib-native_ref-osx-x86_64-1.1-natives.jar:/Users/jacopo/.m2/repository/com/github/fommil/netlib/native_ref-java/1.1/native_ref-java-1.1.jar:/Users/jacopo/.m2/repository/com/github/fommil/jniloader/1.1/jniloader-1.1.jar:/Users/jacopo/.m2/repository/com/github/fommil/netlib/netlib-native_ref-linux-x86_64/1.1/netlib-native_ref-linux-x86_64-1.1-natives.jar:/Users/jacopo/.m2/repository/com/github/fommil/netlib/netlib-native_ref-linux-i686/1.1/netlib-native_ref-linux-i686-1.1-natives.jar:/Users/jacopo/.m2/repository/com/github/fommil/netlib/netlib-native_ref-win-x86_64/1.1/netlib-native_ref-win-x86_64-1.1-natives.jar:/Users/jacopo/.m2/repository/com/github/fommil/netlib/netlib-native_ref-win-i686/1.1/netlib-native_ref-win-i686-1.1-natives.jar:/Users/jacopo/.m2/repository/com/github/fommil/netlib/netlib-native_ref-linux-armhf/1.1/netlib-native_ref-linux-armhf-1.1-natives.jar:/Users/jacopo/.m2/repository/com/github/fommil/netlib/netlib-native_system-osx-x86_64/1.1/netlib-native_system-osx-x86_64-1.1-natives.jar:/Users/jacopo/.m2/repository/com/github/fommil/netlib/native_system-java/1.1/native_system-java-1.1.jar:/Users/jacopo/.m2/repository/com/github/fommil/netlib/netlib-native_system-linux-x86_64/1.1/netlib-native_system-linux-x86_64-1.1-natives.jar:/Users/jacopo/.m2/repository/com/github/fommil/netlib/netlib-native_system-linux-i686/1.1/netlib-native_system-linux-i686-1.1-natives.jar:/Users/jacopo/.m2/repository/com/github/fommil/netlib/netlib-native_system-linux-armhf/1.1/netlib-native_system-linux-armhf-1.1-natives.jar:/Users/jacopo/.m2/repository/com/github/fommil/netlib/netlib-native_system-win-x86_64/1.1/netlib-native_system-win-x86_64-1.1-natives.jar:/Users/jacopo/.m2/repository/com/github/fommil/netlib/netlib-native_system-win-i686/1.1/netlib-native_system-win-i686-1.1-natives.jar:/Users/jacopo/.m2/repository/net/sourceforge/f2j/arpack_combined_all/0.1/arpack_combined_all-0.1.jar:/Users/jacopo/.m2/repository/com/googlecode/netlib-java/netlib-java/1.1/netlib-java-1.1.jar:/Users/jacopo/.m2/repository/com/github/fommil/netlib/core/1.1/core-1.1.jar:/Users/jacopo/.m2/repository/com/github/fracpete/jfilechooser-bookmarks/0.1.6/jfilechooser-bookmarks-0.1.6.jar:/Users/jacopo/.m2/repository/com/github/fracpete/jclipboardhelper/0.1.0/jclipboardhelper-0.1.0.jar:/Users/jacopo/.m2/repository/com/sun/istack/istack-commons-runtime/3.0.11/istack-commons-runtime-3.0.11.jar:/Users/jacopo/.m2/repository/jakarta/activation/jakarta.activation-api/1.2.2/jakarta.activation-api-1.2.2.jar:/Users/jacopo/.m2/repository/org/glassfish/jaxb/jaxb-runtime/2.3.5/jaxb-runtime-2.3.5.jar:/Users/jacopo/.m2/repository/org/glassfish/jaxb/txw2/2.3.5/txw2-2.3.5.jar:/Users/jacopo/.m2/repository/com/sun/activation/jakarta.activation/1.2.2/jakarta.activation-1.2.2.jar:/Users/jacopo/.m2/repository/log4j/log4j/1.2.17/log4j-1.2.17.jar:/Users/jacopo/.m2/repository/org/neo4j/driver/neo4j-java-driver-spring-boot-starter/4.3.6.0/neo4j-java-driver-spring-boot-starter-4.3.6.0.jar:/Users/jacopo/.m2/repository/org/neo4j/driver/neo4j-java-driver/4.3.6/neo4j-java-driver-4.3.6.jar:/Users/jacopo/.m2/repository/org/reactivestreams/reactive-streams/1.0.3/reactive-streams-1.0.3.jar:/Users/jacopo/.m2/repository/org/neo4j/driver/neo4j-java-driver-spring-boot-autoconfigure/4.3.6.0/neo4j-java-driver-spring-boot-autoconfigure-4.3.6.0.jar:/Users/jacopo/.m2/repository/org/springframework/boot/spring-boot-starter-validation/2.6.2/spring-boot-starter-validation-2.6.2.jar:/Users/jacopo/.m2/repository/org/apache/tomcat/embed/tomcat-embed-el/9.0.56/tomcat-embed-el-9.0.56.jar:/Users/jacopo/.m2/repository/org/hibernate/validator/hibernate-validator/6.2.0.Final/hibernate-validator-6.2.0.Final.jar:/Users/jacopo/.m2/repository/jakarta/validation/jakarta.validation-api/2.0.2/jakarta.validation-api-2.0.2.jar:/Users/jacopo/.m2/repository/org/jboss/logging/jboss-logging/3.4.2.Final/jboss-logging-3.4.2.Final.jar:/Users/jacopo/.m2/repository/com/fasterxml/classmate/1.5.1/classmate-1.5.1.jar:/Users/jacopo/.m2/repository/org/springframework/security/spring-security-core/5.6.1/spring-security-core-5.6.1.jar:/Users/jacopo/.m2/repository/org/springframework/security/spring-security-crypto/5.6.1/spring-security-crypto-5.6.1.jar:/Users/jacopo/.m2/repository/org/springframework/spring-aop/5.3.14/spring-aop-5.3.14.jar:/Users/jacopo/.m2/repository/org/springframework/spring-beans/5.3.14/spring-beans-5.3.14.jar:/Users/jacopo/.m2/repository/org/springframework/spring-context/5.3.14/spring-context-5.3.14.jar:/Users/jacopo/.m2/repository/org/springframework/spring-expression/5.3.14/spring-expression-5.3.14.jar:/Users/jacopo/.m2/repository/org/modelmapper/modelmapper/2.4.5/modelmapper-2.4.5.jar:/Users/jacopo/.m2/repository/org/springframework/boot/spring-boot-configuration-processor/2.6.2/spring-boot-configuration-processor-2.6.2.jar:/Users/jacopo/.m2/repository/org/passay/passay/1.6.1/passay-1.6.1.jar:/Users/jacopo/.m2/repository/ca/umontreal/iro/ssj/2.5/ssj-2.5.jar:/Users/jacopo/.m2/repository/jfree/jfreechart/1.0.13/jfreechart-1.0.13.jar:/Users/jacopo/.m2/repository/org/apache/mahout/mahout-collections/1.0/mahout-collections-1.0.jar:/Users/jacopo/.m2/repository/jfree/jcommon/1.0.16/jcommon-1.0.16.jar:/Users/jacopo/.m2/repository/colt/colt/1.2.0/colt-1.2.0.jar:/Users/jacopo/.m2/repository/concurrent/concurrent/1.3.4/concurrent-1.3.4.jar:/Users/jacopo/.m2/repository/com/github/rwl/optimization/1.3/optimization-1.3.jar:/Users/jacopo/.m2/repository/dsol/dsol-xml/1.6.9/dsol-xml-1.6.9.jar:/Users/jacopo/.m2/repository/dsol/logger/1.6.9/logger-1.6.9.jar:/Users/jacopo/.m2/repository/dsol/event/1.6.9/event-1.6.9.jar:/Users/jacopo/.m2/repository/dsol/language/1.6.9/language-1.6.9.jar:/Users/jacopo/.m2/repository/java3d/j3d-core-utils/1.3.1/j3d-core-utils-1.3.1.jar:/Users/jacopo/.m2/repository/java3d/vecmath/1.3.1/vecmath-1.3.1.jar:/Users/jacopo/.m2/repository/java3d/j3d-core/1.3.1/j3d-core-1.3.1.jar:/Users/jacopo/.m2/repository/dsol/jstats/1.6.9/jstats-1.6.9.jar:/Users/jacopo/.m2/repository/jcommon/jcommon/0.9.5/jcommon-0.9.5.jar:/Users/jacopo/.m2/repository/jfreechart/jfreechart/0.9.20/jfreechart-0.9.20.jar:/Users/jacopo/.m2/repository/math/math/1.0.0/math-1.0.0.jar:/Users/jacopo/.m2/repository/dsol/dsol/1.6.9/dsol-1.6.9.jar:/Users/jacopo/.m2/repository/dsol/naming/1.6.9/naming-1.6.9.jar:/Users/jacopo/.m2/repository/dsol/interpreter/1.6.9/interpreter-1.6.9.jar:/Users/jacopo/.m2/repository/gisbeans/gisbeans/1.0.0-beta4/gisbeans-1.0.0-beta4.jar:/Users/jacopo/.m2/repository/sax/sax/2.0.1/sax-2.0.1.jar:/Users/jacopo/.m2/repository/xerces/xercesImpl/2.6.1/xercesImpl-2.6.1.jar:/Users/jacopo/.m2/repository/dom4j/dom4j/1.5/dom4j-1.5.jar:/Users/jacopo/.m2/repository/jaxme/jaxme-api/0.3/jaxme-api-0.3.jar:/Users/jacopo/.m2/repository/jaxen/jaxen/1.2.0/jaxen-1.2.0.jar:/Users/jacopo/.m2/repository/msv/xsdlib/20030807/xsdlib-20030807.jar:/Users/jacopo/.m2/repository/msv/relaxngDatatype/20030807/relaxngDatatype-20030807.jar:/Users/jacopo/.m2/repository/pull-parser/pull-parser/2/pull-parser-2.jar:/Users/jacopo/.m2/repository/xml-apis/xml-apis/1.0.b2/xml-apis-1.0.b2.jar:/Users/jacopo/.m2/repository/jdom/jdom/1.0/jdom-1.0.jar:/Users/jacopo/.m2/repository/com/googlecode/json-simple/json-simple/1.1.1/json-simple-1.1.1.jar:/Users/jacopo/.m2/repository/junit/junit/4.13.2/junit-4.13.2.jar:/Users/jacopo/.m2/repository/org/hamcrest/hamcrest-core/2.2/hamcrest-core-2.2.jar:"/>
    <property name="java.vm.vendor" value="Oracle Corporation"/>
    <property name="sun.arch.data.model" value="64"/>
    <property name="java.vendor.url" value="https://java.oracle.com/"/>
    <property name="os.name" value="Mac OS X"/>
    <property name="java.vm.specification.version" value="16"/>
    <property name="sun.java.launcher" value="SUN_STANDARD"/>
    <property name="user.country" value="IT"/>
    <property name="sun.boot.library.path" value="/Library/Java/JavaVirtualMachines/jdk-16.0.2.jdk/Contents/Home/lib"/>
    <property name="sun.java.command" value="/Users/jacopo/IdeaProjects/large-scale-project/large-scale-backend/target/surefire/surefirebooter9536736114128250948.jar /Users/jacopo/IdeaProjects/large-scale-project/large-scale-backend/target/surefire 2022-01-26T09-24-46_601-jvmRun1 surefire11128316815545381337tmp surefire_013588859409461006831tmp"/>
    <property name="http.nonProxyHosts" value="local|*.local|169.254/16|*.169.254/16"/>
    <property name="jdk.debug" value="release"/>
    <property name="surefire.test.class.path" value="/Users/jacopo/IdeaProjects/large-scale-project/large-scale-backend/target/test-classes:/Users/jacopo/IdeaProjects/large-scale-project/large-scale-backend/target/classes:/Users/jacopo/.m2/repository/org/springframework/boot/spring-boot-starter-data-mongodb/2.6.2/spring-boot-starter-data-mongodb-2.6.2.jar:/Users/jacopo/.m2/repository/org/springframework/boot/spring-boot-starter/2.6.2/spring-boot-starter-2.6.2.jar:/Users/jacopo/.m2/repository/org/springframework/boot/spring-boot/2.6.2/spring-boot-2.6.2.jar:/Users/jacopo/.m2/repository/org/springframework/boot/spring-boot-autoconfigure/2.6.2/spring-boot-autoconfigure-2.6.2.jar:/Users/jacopo/.m2/repository/org/springframework/boot/spring-boot-starter-logging/2.6.2/spring-boot-starter-logging-2.6.2.jar:/Users/jacopo/.m2/repository/ch/qos/logback/logback-classic/1.2.9/logback-classic-1.2.9.jar:/Users/jacopo/.m2/repository/ch/qos/logback/logback-core/1.2.9/logback-core-1.2.9.jar:/Users/jacopo/.m2/repository/org/apache/logging/log4j/log4j-to-slf4j/2.17.0/log4j-to-slf4j-2.17.0.jar:/Users/jacopo/.m2/repository/org/apache/logging/log4j/log4j-api/2.17.0/log4j-api-2.17.0.jar:/Users/jacopo/.m2/repository/org/slf4j/jul-to-slf4j/1.7.32/jul-to-slf4j-1.7.32.jar:/Users/jacopo/.m2/repository/jakarta/annotation/jakarta.annotation-api/1.3.5/jakarta.annotation-api-1.3.5.jar:/Users/jacopo/.m2/repository/org/yaml/snakeyaml/1.29/snakeyaml-1.29.jar:/Users/jacopo/.m2/repository/org/mongodb/mongodb-driver-sync/4.4.0/mongodb-driver-sync-4.4.0.jar:/Users/jacopo/.m2/repository/org/mongodb/bson/4.4.0/bson-4.4.0.jar:/Users/jacopo/.m2/repository/org/mongodb/mongodb-driver-core/4.4.0/mongodb-driver-core-4.4.0.jar:/Users/jacopo/.m2/repository/org/springframework/data/spring-data-mongodb/3.3.0/spring-data-mongodb-3.3.0.jar:/Users/jacopo/.m2/repository/org/springframework/spring-tx/5.3.14/spring-tx-5.3.14.jar:/Users/jacopo/.m2/repository/org/springframework/data/spring-data-commons/2.6.0/spring-data-commons-2.6.0.jar:/Users/jacopo/.m2/repository/org/slf4j/slf4j-api/1.7.32/slf4j-api-1.7.32.jar:/Users/jacopo/.m2/repository/org/springframework/boot/spring-boot-starter-data-neo4j/2.6.2/spring-boot-starter-data-neo4j-2.6.2.jar:/Users/jacopo/.m2/repository/org/springframework/data/spring-data-neo4j/6.2.0/spring-data-neo4j-6.2.0.jar:/Users/jacopo/.m2/repository/org/apiguardian/apiguardian-api/1.1.1/apiguardian-api-1.1.1.jar:/Users/jacopo/.m2/repository/org/neo4j/neo4j-cypher-dsl/2021.4.1/neo4j-cypher-dsl-2021.4.1.jar:/Users/jacopo/.m2/repository/org/springframework/boot/spring-boot-starter-web/2.6.2/spring-boot-starter-web-2.6.2.jar:/Users/jacopo/.m2/repository/org/springframework/boot/spring-boot-starter-json/2.6.2/spring-boot-starter-json-2.6.2.jar:/Users/jacopo/.m2/repository/com/fasterxml/jackson/core/jackson-databind/2.13.1/jackson-databind-2.13.1.jar:/Users/jacopo/.m2/repository/com/fasterxml/jackson/core/jackson-annotations/2.13.1/jackson-annotations-2.13.1.jar:/Users/jacopo/.m2/repository/com/fasterxml/jackson/core/jackson-core/2.13.1/jackson-core-2.13.1.jar:/Users/jacopo/.m2/repository/com/fasterxml/jackson/datatype/jackson-datatype-jdk8/2.13.1/jackson-datatype-jdk8-2.13.1.jar:/Users/jacopo/.m2/repository/com/fasterxml/jackson/datatype/jackson-datatype-jsr310/2.13.1/jackson-datatype-jsr310-2.13.1.jar:/Users/jacopo/.m2/repository/com/fasterxml/jackson/module/jackson-module-parameter-names/2.13.1/jackson-module-parameter-names-2.13.1.jar:/Users/jacopo/.m2/repository/org/springframework/boot/spring-boot-starter-tomcat/2.6.2/spring-boot-starter-tomcat-2.6.2.jar:/Users/jacopo/.m2/repository/org/apache/tomcat/embed/tomcat-embed-core/9.0.56/tomcat-embed-core-9.0.56.jar:/Users/jacopo/.m2/repository/org/apache/tomcat/embed/tomcat-embed-websocket/9.0.56/tomcat-embed-websocket-9.0.56.jar:/Users/jacopo/.m2/repository/org/springframework/spring-web/5.3.14/spring-web-5.3.14.jar:/Users/jacopo/.m2/repository/org/springframework/spring-webmvc/5.3.14/spring-webmvc-5.3.14.jar:/Users/jacopo/.m2/repository/org/springframework/boot/spring-boot-starter-test/2.6.2/spring-boot-starter-test-2.6.2.jar:/Users/jacopo/.m2/repository/org/springframework/boot/spring-boot-test/2.6.2/spring-boot-test-2.6.2.jar:/Users/jacopo/.m2/repository/org/springframework/boot/spring-boot-test-autoconfigure/2.6.2/spring-boot-test-autoconfigure-2.6.2.jar:/Users/jacopo/.m2/repository/com/jayway/jsonpath/json-path/2.6.0/json-path-2.6.0.jar:/Users/jacopo/.m2/repository/net/minidev/json-smart/2.4.7/json-smart-2.4.7.jar:/Users/jacopo/.m2/repository/net/minidev/accessors-smart/2.4.7/accessors-smart-2.4.7.jar:/Users/jacopo/.m2/repository/org/ow2/asm/asm/9.1/asm-9.1.jar:/Users/jacopo/.m2/repository/jakarta/xml/bind/jakarta.xml.bind-api/2.3.3/jakarta.xml.bind-api-2.3.3.jar:/Users/jacopo/.m2/repository/org/assertj/assertj-core/3.21.0/assertj-core-3.21.0.jar:/Users/jacopo/.m2/repository/org/hamcrest/hamcrest/2.2/hamcrest-2.2.jar:/Users/jacopo/.m2/repository/org/junit/jupiter/junit-jupiter/5.8.2/junit-jupiter-5.8.2.jar:/Users/jacopo/.m2/repository/org/junit/jupiter/junit-jupiter-api/5.8.2/junit-jupiter-api-5.8.2.jar:/Users/jacopo/.m2/repository/org/opentest4j/opentest4j/1.2.0/opentest4j-1.2.0.jar:/Users/jacopo/.m2/repository/org/junit/platform/junit-platform-commons/1.8.2/junit-platform-commons-1.8.2.jar:/Users/jacopo/.m2/repository/org/junit/jupiter/junit-jupiter-params/5.8.2/junit-jupiter-params-5.8.2.jar:/Users/jacopo/.m2/repository/org/junit/jupiter/junit-jupiter-engine/5.8.2/junit-jupiter-engine-5.8.2.jar:/Users/jacopo/.m2/repository/org/junit/platform/junit-platform-engine/1.8.2/junit-platform-engine-1.8.2.jar:/Users/jacopo/.m2/repository/org/mockito/mockito-core/4.0.0/mockito-core-4.0.0.jar:/Users/jacopo/.m2/repository/net/bytebuddy/byte-buddy/1.11.22/byte-buddy-1.11.22.jar:/Users/jacopo/.m2/repository/net/bytebuddy/byte-buddy-agent/1.11.22/byte-buddy-agent-1.11.22.jar:/Users/jacopo/.m2/repository/org/objenesis/objenesis/3.2/objenesis-3.2.jar:/Users/jacopo/.m2/repository/org/mockito/mockito-junit-jupiter/4.0.0/mockito-junit-jupiter-4.0.0.jar:/Users/jacopo/.m2/repository/org/skyscreamer/jsonassert/1.5.0/jsonassert-1.5.0.jar:/Users/jacopo/.m2/repository/com/vaadin/external/google/android-json/0.0.20131108.vaadin1/android-json-0.0.20131108.vaadin1.jar:/Users/jacopo/.m2/repository/org/springframework/spring-core/5.3.14/spring-core-5.3.14.jar:/Users/jacopo/.m2/repository/org/springframework/spring-jcl/5.3.14/spring-jcl-5.3.14.jar:/Users/jacopo/.m2/repository/org/springframework/spring-test/5.3.14/spring-test-5.3.14.jar:/Users/jacopo/.m2/repository/org/xmlunit/xmlunit-core/2.8.4/xmlunit-core-2.8.4.jar:/Users/jacopo/.m2/repository/nz/ac/waikato/cms/weka/weka-dev/3.9.5/weka-dev-3.9.5.jar:/Users/jacopo/.m2/repository/com/github/vbmacher/java-cup/11b-20160615/java-cup-11b-20160615.jar:/Users/jacopo/.m2/repository/com/github/vbmacher/java-cup-runtime/11b-20160615/java-cup-runtime-11b-20160615.jar:/Users/jacopo/.m2/repository/nz/ac/waikato/cms/weka/thirdparty/bounce/0.18/bounce-0.18.jar:/Users/jacopo/.m2/repository/com/googlecode/matrix-toolkits-java/mtj/1.0.4/mtj-1.0.4.jar:/Users/jacopo/.m2/repository/com/github/fommil/netlib/netlib-native_ref-osx-x86_64/1.1/netlib-native_ref-osx-x86_64-1.1-natives.jar:/Users/jacopo/.m2/repository/com/github/fommil/netlib/native_ref-java/1.1/native_ref-java-1.1.jar:/Users/jacopo/.m2/repository/com/github/fommil/jniloader/1.1/jniloader-1.1.jar:/Users/jacopo/.m2/repository/com/github/fommil/netlib/netlib-native_ref-linux-x86_64/1.1/netlib-native_ref-linux-x86_64-1.1-natives.jar:/Users/jacopo/.m2/repository/com/github/fommil/netlib/netlib-native_ref-linux-i686/1.1/netlib-native_ref-linux-i686-1.1-natives.jar:/Users/jacopo/.m2/repository/com/github/fommil/netlib/netlib-native_ref-win-x86_64/1.1/netlib-native_ref-win-x86_64-1.1-natives.jar:/Users/jacopo/.m2/repository/com/github/fommil/netlib/netlib-native_ref-win-i686/1.1/netlib-native_ref-win-i686-1.1-natives.jar:/Users/jacopo/.m2/repository/com/github/fommil/netlib/netlib-native_ref-linux-armhf/1.1/netlib-native_ref-linux-armhf-1.1-natives.jar:/Users/jacopo/.m2/repository/com/github/fommil/netlib/netlib-native_system-osx-x86_64/1.1/netlib-native_system-osx-x86_64-1.1-natives.jar:/Users/jacopo/.m2/repository/com/github/fommil/netlib/native_system-java/1.1/native_system-java-1.1.jar:/Users/jacopo/.m2/repository/com/github/fommil/netlib/netlib-native_system-linux-x86_64/1.1/netlib-native_system-linux-x86_64-1.1-natives.jar:/Users/jacopo/.m2/repository/com/github/fommil/netlib/netlib-native_system-linux-i686/1.1/netlib-native_system-linux-i686-1.1-natives.jar:/Users/jacopo/.m2/repository/com/github/fommil/netlib/netlib-native_system-linux-armhf/1.1/netlib-native_system-linux-armhf-1.1-natives.jar:/Users/jacopo/.m2/repository/com/github/fommil/netlib/netlib-native_system-win-x86_64/1.1/netlib-native_system-win-x86_64-1.1-natives.jar:/Users/jacopo/.m2/repository/com/github/fommil/netlib/netlib-native_system-win-i686/1.1/netlib-native_system-win-i686-1.1-natives.jar:/Users/jacopo/.m2/repository/net/sourceforge/f2j/arpack_combined_all/0.1/arpack_combined_all-0.1.jar:/Users/jacopo/.m2/repository/com/googlecode/netlib-java/netlib-java/1.1/netlib-java-1.1.jar:/Users/jacopo/.m2/repository/com/github/fommil/netlib/core/1.1/core-1.1.jar:/Users/jacopo/.m2/repository/com/github/fracpete/jfilechooser-bookmarks/0.1.6/jfilechooser-bookmarks-0.1.6.jar:/Users/jacopo/.m2/repository/com/github/fracpete/jclipboardhelper/0.1.0/jclipboardhelper-0.1.0.jar:/Users/jacopo/.m2/repository/com/sun/istack/istack-commons-runtime/3.0.11/istack-commons-runtime-3.0.11.jar:/Users/jacopo/.m2/repository/jakarta/activation/jakarta.activation-api/1.2.2/jakarta.activation-api-1.2.2.jar:/Users/jacopo/.m2/repository/org/glassfish/jaxb/jaxb-runtime/2.3.5/jaxb-runtime-2.3.5.jar:/Users/jacopo/.m2/repository/org/glassfish/jaxb/txw2/2.3.5/txw2-2.3.5.jar:/Users/jacopo/.m2/repository/com/sun/activation/jakarta.activation/1.2.2/jakarta.activation-1.2.2.jar:/Users/jacopo/.m2/repository/log4j/log4j/1.2.17/log4j-1.2.17.jar:/Users/jacopo/.m2/repository/org/neo4j/driver/neo4j-java-driver-spring-boot-starter/4.3.6.0/neo4j-java-driver-spring-boot-starter-4.3.6.0.jar:/Users/jacopo/.m2/repository/org/neo4j/driver/neo4j-java-driver/4.3.6/neo4j-java-driver-4.3.6.jar:/Users/jacopo/.m2/repository/org/reactivestreams/reactive-streams/1.0.3/reactive-streams-1.0.3.jar:/Users/jacopo/.m2/repository/org/neo4j/driver/neo4j-java-driver-spring-boot-autoconfigure/4.3.6.0/neo4j-java-driver-spring-boot-autoconfigure-4.3.6.0.jar:/Users/jacopo/.m2/repository/org/springframework/boot/spring-boot-starter-validation/2.6.2/spring-boot-starter-validation-2.6.2.jar:/Users/jacopo/.m2/repository/org/apache/tomcat/embed/tomcat-embed-el/9.0.56/tomcat-embed-el-9.0.56.jar:/Users/jacopo/.m2/repository/org/hibernate/validator/hibernate-validator/6.2.0.Final/hibernate-validator-6.2.0.Final.jar:/Users/jacopo/.m2/repository/jakarta/validation/jakarta.validation-api/2.0.2/jakarta.validation-api-2.0.2.jar:/Users/jacopo/.m2/repository/org/jboss/logging/jboss-logging/3.4.2.Final/jboss-logging-3.4.2.Final.jar:/Users/jacopo/.m2/repository/com/fasterxml/classmate/1.5.1/classmate-1.5.1.jar:/Users/jacopo/.m2/repository/org/springframework/security/spring-security-core/5.6.1/spring-security-core-5.6.1.jar:/Users/jacopo/.m2/repository/org/springframework/security/spring-security-crypto/5.6.1/spring-security-crypto-5.6.1.jar:/Users/jacopo/.m2/repository/org/springframework/spring-aop/5.3.14/spring-aop-5.3.14.jar:/Users/jacopo/.m2/repository/org/springframework/spring-beans/5.3.14/spring-beans-5.3.14.jar:/Users/jacopo/.m2/repository/org/springframework/spring-context/5.3.14/spring-context-5.3.14.jar:/Users/jacopo/.m2/repository/org/springframework/spring-expression/5.3.14/spring-expression-5.3.14.jar:/Users/jacopo/.m2/repository/org/modelmapper/modelmapper/2.4.5/modelmapper-2.4.5.jar:/Users/jacopo/.m2/repository/org/springframework/boot/spring-boot-configuration-processor/2.6.2/spring-boot-configuration-processor-2.6.2.jar:/Users/jacopo/.m2/repository/org/passay/passay/1.6.1/passay-1.6.1.jar:/Users/jacopo/.m2/repository/ca/umontreal/iro/ssj/2.5/ssj-2.5.jar:/Users/jacopo/.m2/repository/jfree/jfreechart/1.0.13/jfreechart-1.0.13.jar:/Users/jacopo/.m2/repository/org/apache/mahout/mahout-collections/1.0/mahout-collections-1.0.jar:/Users/jacopo/.m2/repository/jfree/jcommon/1.0.16/jcommon-1.0.16.jar:/Users/jacopo/.m2/repository/colt/colt/1.2.0/colt-1.2.0.jar:/Users/jacopo/.m2/repository/concurrent/concurrent/1.3.4/concurrent-1.3.4.jar:/Users/jacopo/.m2/repository/com/github/rwl/optimization/1.3/optimization-1.3.jar:/Users/jacopo/.m2/repository/dsol/dsol-xml/1.6.9/dsol-xml-1.6.9.jar:/Users/jacopo/.m2/repository/dsol/logger/1.6.9/logger-1.6.9.jar:/Users/jacopo/.m2/repository/dsol/event/1.6.9/event-1.6.9.jar:/Users/jacopo/.m2/repository/dsol/language/1.6.9/language-1.6.9.jar:/Users/jacopo/.m2/repository/java3d/j3d-core-utils/1.3.1/j3d-core-utils-1.3.1.jar:/Users/jacopo/.m2/repository/java3d/vecmath/1.3.1/vecmath-1.3.1.jar:/Users/jacopo/.m2/repository/java3d/j3d-core/1.3.1/j3d-core-1.3.1.jar:/Users/jacopo/.m2/repository/dsol/jstats/1.6.9/jstats-1.6.9.jar:/Users/jacopo/.m2/repository/jcommon/jcommon/0.9.5/jcommon-0.9.5.jar:/Users/jacopo/.m2/repository/jfreechart/jfreechart/0.9.20/jfreechart-0.9.20.jar:/Users/jacopo/.m2/repository/math/math/1.0.0/math-1.0.0.jar:/Users/jacopo/.m2/repository/dsol/dsol/1.6.9/dsol-1.6.9.jar:/Users/jacopo/.m2/repository/dsol/naming/1.6.9/naming-1.6.9.jar:/Users/jacopo/.m2/repository/dsol/interpreter/1.6.9/interpreter-1.6.9.jar:/Users/jacopo/.m2/repository/gisbeans/gisbeans/1.0.0-beta4/gisbeans-1.0.0-beta4.jar:/Users/jacopo/.m2/repository/sax/sax/2.0.1/sax-2.0.1.jar:/Users/jacopo/.m2/repository/xerces/xercesImpl/2.6.1/xercesImpl-2.6.1.jar:/Users/jacopo/.m2/repository/dom4j/dom4j/1.5/dom4j-1.5.jar:/Users/jacopo/.m2/repository/jaxme/jaxme-api/0.3/jaxme-api-0.3.jar:/Users/jacopo/.m2/repository/jaxen/jaxen/1.2.0/jaxen-1.2.0.jar:/Users/jacopo/.m2/repository/msv/xsdlib/20030807/xsdlib-20030807.jar:/Users/jacopo/.m2/repository/msv/relaxngDatatype/20030807/relaxngDatatype-20030807.jar:/Users/jacopo/.m2/repository/pull-parser/pull-parser/2/pull-parser-2.jar:/Users/jacopo/.m2/repository/xml-apis/xml-apis/1.0.b2/xml-apis-1.0.b2.jar:/Users/jacopo/.m2/repository/jdom/jdom/1.0/jdom-1.0.jar:/Users/jacopo/.m2/repository/com/googlecode/json-simple/json-simple/1.1.1/json-simple-1.1.1.jar:/Users/jacopo/.m2/repository/junit/junit/4.13.2/junit-4.13.2.jar:/Users/jacopo/.m2/repository/org/hamcrest/hamcrest-core/2.2/hamcrest-core-2.2.jar:"/>
    <property name="sun.cpu.endian" value="little"/>
    <property name="user.home" value="/Users/jacopo"/>
    <property name="user.language" value="it"/>
    <property name="java.specification.vendor" value="Oracle Corporation"/>
    <property name="java.version.date" value="2021-07-20"/>
    <property name="java.home" value="/Library/Java/JavaVirtualMachines/jdk-16.0.2.jdk/Contents/Home"/>
    <property name="file.separator" value="/"/>
    <property name="basedir" value="/Users/jacopo/IdeaProjects/large-scale-project/large-scale-backend"/>
    <property name="java.vm.compressedOopsMode" value="Zero based"/>
    <property name="line.separator" value="&#10;"/>
    <property name="java.specification.name" value="Java Platform API Specification"/>
    <property name="java.vm.specification.vendor" value="Oracle Corporation"/>
    <property name="surefire.real.class.path" value="/Users/jacopo/IdeaProjects/large-scale-project/large-scale-backend/target/surefire/surefirebooter9536736114128250948.jar"/>
    <property name="sun.management.compiler" value="HotSpot 64-Bit Tiered Compilers"/>
    <property name="ftp.nonProxyHosts" value="local|*.local|169.254/16|*.169.254/16"/>
    <property name="java.runtime.version" value="16.0.2+7-67"/>
    <property name="user.name" value="jacopo"/>
    <property name="path.separator" value=":"/>
    <property name="os.version" value="11.1"/>
    <property name="java.runtime.name" value="Java(TM) SE Runtime Environment"/>
    <property name="file.encoding" value="UTF-8"/>
    <property name="java.vm.name" value="Java HotSpot(TM) 64-Bit Server VM"/>
    <property name="localRepository" value="/Users/jacopo/.m2/repository"/>
    <property name="java.vendor.url.bug" value="https://bugreport.java.com/bugreport/"/>
    <property name="java.io.tmpdir" value="/var/folders/5b/19vc82k92m506my64z7xgxp40000gn/T/"/>
    <property name="idea.version" value="2021.3.1"/>
    <property name="java.version" value="16.0.2"/>
    <property name="user.dir" value="/Users/jacopo/IdeaProjects/large-scale-project/large-scale-backend"/>
    <property name="os.arch" value="x86_64"/>
    <property name="java.vm.specification.name" value="Java Virtual Machine Specification"/>
    <property name="java.library.path" value="/Users/jacopo/Library/Java/Extensions:/Library/Java/Extensions:/Network/Library/Java/Extensions:/System/Library/Java/Extensions:/usr/lib/java:."/>
    <property name="java.vm.info" value="mixed mode, sharing"/>
    <property name="java.vendor" value="Oracle Corporation"/>
    <property name="java.vm.version" value="16.0.2+7-67"/>
    <property name="sun.io.unicode.encoding" value="UnicodeBig"/>
    <property name="socksNonProxyHosts" value="local|*.local|169.254/16|*.169.254/16"/>
    <property name="java.class.version" value="60.0"/>
  </properties>
  <testcase name="contextLoads" classname="com.unipi.large.scale.backend.ApplicationTests" time="0.369"/>
</testsuite>